<?xml version="1.0" encoding="UTF-8"?>
<!-- Generated by org.testng.reporters.JUnitReportReporter -->
<testsuite skipped="0" hostname="LAPTOP-Q08K87KM" name="authentication.BearerToken" tests="1" failures="0" timestamp="2022-04-21T17:14:53 IST" time="5.932" errors="0">
  <testcase name="bearertoken" time="5.932" classname="authentication.BearerToken"/>
  <system-out/>
</testsuite> <!-- authentication.BearerToken -->
