<?xml version="1.0" encoding="UTF-8"?>
<!-- Generated by org.testng.reporters.JUnitReportReporter -->
<testsuite skipped="0" hostname="LAPTOP-Q08K87KM" name="CRUDOperationWithBDD.GetAllProjectTest" tests="1" failures="0" timestamp="2022-04-20T17:04:49 IST" time="1.497" errors="0">
  <testcase name="getAllproject" time="1.497" classname="CRUDOperationWithBDD.GetAllProjectTest"/>
  <system-out/>
</testsuite> <!-- CRUDOperationWithBDD.GetAllProjectTest -->
