<?xml version="1.0" encoding="UTF-8"?>
<!-- Generated by org.testng.reporters.JUnitReportReporter -->
<testsuite hostname="LAPTOP-Q08K87KM" name="practice.CRUDOperationWithOutBDD.UpdateProjectTest" tests="1" failures="0" timestamp="20 Apr 2022 09:38:28 GMT" time="1.418" errors="0">
  <testcase name="updateProjectTest" time="1.418" classname="practice.CRUDOperationWithOutBDD.UpdateProjectTest"/>
</testsuite> <!-- practice.CRUDOperationWithOutBDD.UpdateProjectTest -->
