<?xml version="1.0" encoding="UTF-8"?>
<!-- Generated by org.testng.reporters.JUnitReportReporter -->
<testsuite skipped="0" hostname="LAPTOP-Q08K87KM" name="CRUDOperationWithBDD.DeleteProjectTest" tests="1" failures="0" timestamp="2022-04-20T17:11:43 IST" time="1.480" errors="0">
  <testcase name="deleteProjectTest" time="1.480" classname="CRUDOperationWithBDD.DeleteProjectTest"/>
  <system-out/>
</testsuite> <!-- CRUDOperationWithBDD.DeleteProjectTest -->
