<?xml version="1.0" encoding="UTF-8"?>
<!-- Generated by org.testng.reporters.JUnitReportReporter -->
<testsuite skipped="0" hostname="LAPTOP-Q08K87KM" name="requestChaining.CreateProjectAndGetProject" tests="1" failures="0" timestamp="2022-04-21T16:15:52 IST" time="2.301" errors="0">
  <testcase name="requestChaining" time="2.301" classname="requestChaining.CreateProjectAndGetProject"/>
  <system-out/>
</testsuite> <!-- requestChaining.CreateProjectAndGetProject -->
