<?xml version="1.0" encoding="UTF-8"?>
<!-- Generated by org.testng.reporters.JUnitReportReporter -->
<testsuite skipped="0" hostname="LAPTOP-Q08K87KM" name="CRUDOperationWithBDD.GetAllProject" tests="1" failures="0" timestamp="2022-04-20T16:52:05 IST" time="1.511" errors="0">
  <testcase name="getAllproject" time="1.511" classname="CRUDOperationWithBDD.GetAllProject"/>
  <system-out/>
</testsuite> <!-- CRUDOperationWithBDD.GetAllProject -->
