<?xml version="1.0" encoding="UTF-8"?>
<!-- Generated by org.testng.reporters.JUnitReportReporter -->
<testsuite hostname="LAPTOP-Q08K87KM" name="practice.CRUDOperationWithOutBDD.CreateProjectTest" tests="1" failures="0" timestamp="20 Apr 2022 07:17:12 GMT" time="1.277" errors="0">
  <testcase name="createProjectTest" time="1.277" classname="practice.CRUDOperationWithOutBDD.CreateProjectTest"/>
</testsuite> <!-- practice.CRUDOperationWithOutBDD.CreateProjectTest -->
