<?xml version="1.0" encoding="UTF-8"?>
<!-- Generated by org.testng.reporters.JUnitReportReporter -->
<testsuite skipped="0" hostname="LAPTOP-Q08K87KM" name="authentication.BasicAuth" tests="3" failures="0" timestamp="2022-04-21T16:51:49 IST" time="3.194" errors="0">
  <testcase name="digestAuth" time="0.137" classname="authentication.BasicAuth"/>
  <system-out/>
  <testcase name="basicAuth" time="2.904" classname="authentication.BasicAuth"/>
  <system-out/>
  <testcase name="premptiveAuth" time="0.153" classname="authentication.BasicAuth"/>
  <system-out/>
</testsuite> <!-- authentication.BasicAuth -->
