<?xml version="1.0" encoding="UTF-8"?>
<!-- Generated by org.testng.reporters.JUnitReportReporter -->
<testsuite skipped="0" hostname="LAPTOP-Q08K87KM" name="responseValidation.DynamicResponseValidation" tests="1" failures="0" timestamp="2022-04-21T12:15:56 IST" time="1.987" errors="0">
  <testcase name="dynamicResponseValidation" time="1.987" classname="responseValidation.DynamicResponseValidation"/>
  <system-out/>
</testsuite> <!-- responseValidation.DynamicResponseValidation -->
