<?xml version="1.0" encoding="UTF-8"?>
<!-- Generated by org.testng.reporters.JUnitReportReporter -->
<testsuite skipped="0" hostname="LAPTOP-Q08K87KM" name="CRUDOperationWithBDD.CreateProjectTest" tests="1" failures="0" timestamp="2022-04-20T16:36:00 IST" time="1.834" errors="0">
  <testcase name="createProjectTest" time="1.834" classname="CRUDOperationWithBDD.CreateProjectTest"/>
  <system-out/>
</testsuite> <!-- CRUDOperationWithBDD.CreateProjectTest -->
