<?xml version="1.0" encoding="UTF-8"?>
<!-- Generated by org.testng.reporters.JUnitReportReporter -->
<testsuite skipped="0" hostname="LAPTOP-Q08K87KM" name="DiffrentWayToPost.CreateProjectUsingJsonObject" tests="1" failures="0" timestamp="2022-04-20T17:27:58 IST" time="1.838" errors="0">
  <testcase name="createProjectTest" time="1.838" classname="DiffrentWayToPost.CreateProjectUsingJsonObject"/>
  <system-out/>
</testsuite> <!-- DiffrentWayToPost.CreateProjectUsingJsonObject -->
