<?xml version="1.0" encoding="UTF-8"?>
<!-- Generated by org.testng.reporters.JUnitReportReporter -->
<testsuite skipped="0" hostname="LAPTOP-Q08K87KM" name="responseValidation.StaticResponseValidationTest" tests="1" failures="0" timestamp="2022-04-21T12:02:24 IST" time="2.195" errors="0">
  <testcase name="staticResponseValidationTest" time="2.195" classname="responseValidation.StaticResponseValidationTest"/>
  <system-out/>
</testsuite> <!-- responseValidation.StaticResponseValidationTest -->
