<?xml version="1.0" encoding="UTF-8"?>
<!-- Generated by org.testng.reporters.JUnitReportReporter -->
<testsuite skipped="0" hostname="LAPTOP-Q08K87KM" name="DiffrentWayToPost.CreateProjectUsingJsonFile" tests="1" failures="0" timestamp="2022-04-20T17:40:47 IST" time="3.530" errors="0">
  <testcase name="createproject" time="3.530" classname="DiffrentWayToPost.CreateProjectUsingJsonFile"/>
  <system-out/>
</testsuite> <!-- DiffrentWayToPost.CreateProjectUsingJsonFile -->
