<?xml version="1.0" encoding="UTF-8"?>
<!-- Generated by org.testng.reporters.JUnitReportReporter -->
<testsuite skipped="0" hostname="LAPTOP-Q08K87KM" name="CRUDOperationWithBDD.GetSingleProjectTest" tests="1" failures="0" timestamp="2022-04-20T16:57:32 IST" time="1.508" errors="0">
  <testcase name="getSingleProjectTest" time="1.508" classname="CRUDOperationWithBDD.GetSingleProjectTest"/>
  <system-out/>
</testsuite> <!-- CRUDOperationWithBDD.GetSingleProjectTest -->
