<?xml version="1.0" encoding="UTF-8"?>
<!-- Generated by org.testng.reporters.JUnitReportReporter -->
<testsuite skipped="0" hostname="LAPTOP-Q08K87KM" name="Parameters.PathParameter" tests="1" failures="0" timestamp="2022-04-21T14:59:16 IST" time="1.784" errors="0">
  <testcase name="getSingleProject" time="1.784" classname="Parameters.PathParameter"/>
  <system-out/>
</testsuite> <!-- Parameters.PathParameter -->
