<?xml version="1.0" encoding="UTF-8"?>
<!-- Generated by org.testng.reporters.JUnitReportReporter -->
<testsuite hostname="LAPTOP-Q08K87KM" name="practice.CRUDOperationWithOutBDD.GetAllProjectTest" tests="1" failures="0" timestamp="20 Apr 2022 07:25:29 GMT" time="1.257" errors="0">
  <testcase name="getAllProject" time="1.257" classname="practice.CRUDOperationWithOutBDD.GetAllProjectTest"/>
</testsuite> <!-- practice.CRUDOperationWithOutBDD.GetAllProjectTest -->
