<?xml version="1.0" encoding="UTF-8"?>
<!-- Generated by org.testng.reporters.JUnitReportReporter -->
<testsuite skipped="0" hostname="LAPTOP-Q08K87KM" name="CreateMultipleProjectWithMultipledata.CreateMultipleProjectWithDataProvider" tests="3" failures="0" timestamp="2022-04-21T13:27:36 IST" time="1.819" errors="0">
  <testcase name="createMultipleProjectWithDataProvider" time="1.771" classname="CreateMultipleProjectWithMultipledata.CreateMultipleProjectWithDataProvider"/>
  <system-out/>
  <testcase name="createMultipleProjectWithDataProvider" time="0.020" classname="CreateMultipleProjectWithMultipledata.CreateMultipleProjectWithDataProvider"/>
  <system-out/>
  <testcase name="createMultipleProjectWithDataProvider" time="0.028" classname="CreateMultipleProjectWithMultipledata.CreateMultipleProjectWithDataProvider"/>
  <system-out/>
</testsuite> <!-- CreateMultipleProjectWithMultipledata.CreateMultipleProjectWithDataProvider -->
