<?xml version="1.0" encoding="UTF-8"?>
<!-- Generated by org.testng.reporters.JUnitReportReporter -->
<testsuite skipped="0" hostname="LAPTOP-Q08K87KM" name="responseValidation.ResponseTimeValidation" tests="1" failures="0" timestamp="2022-04-21T12:42:12 IST" time="1.830" errors="0">
  <testcase name="responseTimeValidation" time="1.830" classname="responseValidation.ResponseTimeValidation"/>
  <system-out/>
</testsuite> <!-- responseValidation.ResponseTimeValidation -->
