<?xml version="1.0" encoding="UTF-8"?>
<!-- Generated by org.testng.reporters.JUnitReportReporter -->
<testsuite skipped="0" hostname="LAPTOP-Q08K87KM" name="CRUDOperationWithBDD.UpdateProjectTest" tests="1" failures="0" timestamp="2022-04-20T16:44:58 IST" time="1.783" errors="0">
  <testcase name="udateProjectTest" time="1.783" classname="CRUDOperationWithBDD.UpdateProjectTest"/>
  <system-out/>
</testsuite> <!-- CRUDOperationWithBDD.UpdateProjectTest -->
