<?xml version="1.0" encoding="UTF-8"?>
<!-- Generated by org.testng.reporters.JUnitReportReporter -->
<testsuite hostname="LAPTOP-Q08K87KM" name="practice.CRUDOperationWithOutBDD.DeleteProjectsTest" tests="1" failures="0" timestamp="20 Apr 2022 10:44:38 GMT" time="1.188" errors="0">
  <testcase name="deleteProject" time="1.188" classname="practice.CRUDOperationWithOutBDD.DeleteProjectsTest"/>
</testsuite> <!-- practice.CRUDOperationWithOutBDD.DeleteProjectsTest -->
