<?xml version="1.0" encoding="UTF-8"?>
<!-- Generated by org.testng.reporters.JUnitReportReporter -->
<testsuite skipped="0" hostname="LAPTOP-Q08K87KM" name="Parameters.QueryParameters" tests="1" failures="0" timestamp="2022-04-21T15:16:31 IST" time="2.165" errors="0">
  <testcase name="queryParameter" time="2.165" classname="Parameters.QueryParameters"/>
  <system-out/>
</testsuite> <!-- Parameters.QueryParameters -->
